h:\t2 15\rpc\unix\gsoap\source\weather\client\client\debug\client.pch
h:\t2 15\rpc\unix\gsoap\source\weather\client\client\debug\vc120.pdb
h:\t2 15\rpc\unix\gsoap\source\weather\client\client\debug\vc120.idb
h:\t2 15\rpc\unix\gsoap\source\weather\client\client\debug\stdafx.obj
h:\t2 15\rpc\unix\gsoap\source\weather\client\client\debug\soapc.obj
h:\t2 15\rpc\unix\gsoap\source\weather\client\client\debug\soapclient.obj
h:\t2 15\rpc\unix\gsoap\source\weather\client\client\debug\stdsoap2.obj
h:\t2 15\rpc\unix\gsoap\source\weather\client\client\debug\client.obj
h:\t2 15\rpc\unix\gsoap\source\weather\client\debug\client.ilk
h:\t2 15\rpc\unix\gsoap\source\weather\client\debug\client.exe
h:\t2 15\rpc\unix\gsoap\source\weather\client\debug\client.pdb
h:\t2 15\rpc\unix\gsoap\source\weather\client\client\debug\client.res
h:\t2 15\rpc\unix\gsoap\source\weather\client\client\debug\client.tlog\cl.command.1.tlog
h:\t2 15\rpc\unix\gsoap\source\weather\client\client\debug\client.tlog\cl.read.1.tlog
h:\t2 15\rpc\unix\gsoap\source\weather\client\client\debug\client.tlog\cl.write.1.tlog
h:\t2 15\rpc\unix\gsoap\source\weather\client\client\debug\client.tlog\link.command.1.tlog
h:\t2 15\rpc\unix\gsoap\source\weather\client\client\debug\client.tlog\link.read.1.tlog
h:\t2 15\rpc\unix\gsoap\source\weather\client\client\debug\client.tlog\link.write.1.tlog
h:\t2 15\rpc\unix\gsoap\source\weather\client\client\debug\client.tlog\rc.command.1.tlog
h:\t2 15\rpc\unix\gsoap\source\weather\client\client\debug\client.tlog\rc.read.1.tlog
h:\t2 15\rpc\unix\gsoap\source\weather\client\client\debug\client.tlog\rc.write.1.tlog
