生成启动时间为 2015/6/26 10:55:20。
     1>项目“H:\T2 15\RPC\UNIX\gSOAP\source\OE625b\gsoapClient\gsoapClient.vcxproj”在节点 2 上(Rebuild 个目标)。
     1>ClCompile:
         H:\Program Files (x86)\Microsoft Visual Studio 12.0\VC\bin\CL.exe /c /ZI /nologo /W3 /WX- /sdl /Od /Oy- /D WIN32 /D _DEBUG /D _CONSOLE /D _LIB /D _UNICODE /D UNICODE /D _AFXDLL /Gm /EHsc /RTC1 /MDd /GS /fp:precise /Zc:wchar_t /Zc:forScope /Yc"stdafx.h" /Fp"Debug\gsoapClient.pch" /Fo"Debug\\" /Fd"Debug\vc120.pdb" /Gd /TP /analyze- /errorReport:prompt stdafx.cpp
         stdafx.cpp
         H:\Program Files (x86)\Microsoft Visual Studio 12.0\VC\bin\CL.exe /c /ZI /nologo /W3 /WX- /sdl /Od /Oy- /D WIN32 /D _DEBUG /D _CONSOLE /D _LIB /D _UNICODE /D UNICODE /D _AFXDLL /Gm /EHsc /RTC1 /MDd /GS /fp:precise /Zc:wchar_t /Zc:forScope /Yu"stdafx.h" /Fp"Debug\gsoapClient.pch" /Fo"Debug\\" /Fd"Debug\vc120.pdb" /Gd /TP /analyze- /errorReport:prompt gsoapClient.cpp soapC.cpp soapClient.cpp stdsoap2.cpp
         stdsoap2.cpp
     1>h:\t2 15\rpc\unix\gsoap\source\oe625b\gsoapclient\stdsoap2.cpp(54): warning C4603: “GSOAP_LIB_VERSION”: 未定义宏或在预编译头使用后定义发生改变
                 将宏添加到预编译头中，而不是在此处定义
                 h:\t2 15\rpc\unix\gsoap\source\oe625b\gsoapclient\stdsoap2.cpp(59) : 使用预编译头
     1>h:\t2 15\rpc\unix\gsoap\source\oe625b\gsoapclient\stdsoap2.cpp(12842): warning C4056: 浮点常量算术溢出
     1>h:\t2 15\rpc\unix\gsoap\source\oe625b\gsoapclient\stdsoap2.cpp(12999): warning C4056: 浮点常量算术溢出
         soapClient.cpp
         soapC.cpp
         gsoapClient.cpp
         正在生成代码...
     1>h:\t2 15\rpc\unix\gsoap\source\oe625b\gsoapclient\stdsoap2.cpp(12838): warning C4756: 常量算法中溢出
     1>h:\t2 15\rpc\unix\gsoap\source\oe625b\gsoapclient\stdsoap2.cpp(12840): warning C4756: 常量算法中溢出
     1>h:\t2 15\rpc\unix\gsoap\source\oe625b\gsoapclient\stdsoap2.cpp(12842): warning C4756: 常量算法中溢出
     1>h:\t2 15\rpc\unix\gsoap\source\oe625b\gsoapclient\stdsoap2.cpp(12838): warning C4756: 常量算法中溢出
     1>h:\t2 15\rpc\unix\gsoap\source\oe625b\gsoapclient\stdsoap2.cpp(12842): warning C4756: 常量算法中溢出
       ResourceCompile:
         H:\Program Files (x86)\Windows Kits\8.1\bin\x86\rc.exe /D _UNICODE /D UNICODE /D _AFXDLL /l"0x0409" /nologo /fo"Debug\cppClient.res" cppClient.rc 
       Link:
         H:\Program Files (x86)\Microsoft Visual Studio 12.0\VC\bin\link.exe /ERRORREPORT:PROMPT /OUT:"H:\T2 15\RPC\UNIX\gSOAP\source\OE625b\Debug\gsoapClient.exe" /INCREMENTAL /NOLOGO /MANIFEST /MANIFESTUAC:"level='asInvoker' uiAccess='false'" /manifest:embed /manifestinput:"H:\Program Files (x86)\Microsoft Visual Studio 12.0\VC\Include\Manifest\dpiaware.manifest" /DEBUG /PDB:"H:\T2 15\RPC\UNIX\gSOAP\source\OE625b\Debug\gsoapClient.pdb" /SUBSYSTEM:CONSOLE /TLBID:1 /DYNAMICBASE /NXCOMPAT /IMPLIB:"H:\T2 15\RPC\UNIX\gSOAP\source\OE625b\Debug\gsoapClient.lib" /MACHINE:X86 Debug\cppClient.res
         Debug\gsoapClient.obj
         Debug\soapC.obj
         Debug\soapClient.obj
         Debug\stdafx.obj
         Debug\stdsoap2.obj
         gsoapClient.vcxproj -> H:\T2 15\RPC\UNIX\gSOAP\source\OE625b\Debug\gsoapClient.exe
     1>已完成生成项目“H:\T2 15\RPC\UNIX\gSOAP\source\OE625b\gsoapClient\gsoapClient.vcxproj”(Rebuild 个目标)的操作。

生成成功。

已用时间 00:00:08.70
