HTTP/1.1 415 Cannot process the message because the content type 'application/soap+xml; charset=utf-8; action="http://o2.jrrpc.com/ICalc/Add"' was not the expected type 'text/xml; charset=utf-8'.
Content-Length: 0
Server: Microsoft-HTTPAPI/2.0
Date: Fri, 26 Jun 2015 01:25:05 GMT
Connection: close

HTTP/1.1 415 Cannot process the message because the content type 'application/soap+xml; charset=utf-8; action="http://o2.jrrpc.com/ICalc/Add"' was not the expected type 'text/xml; charset=utf-8'.
Content-Length: 0
Server: Microsoft-HTTPAPI/2.0
Date: Fri, 26 Jun 2015 01:25:23 GMT
Connection: close

HTTP/1.1 415 Cannot process the message because the content type 'application/soap+xml; charset=utf-8; action="http://o2.jrrpc.com/ICalc/Add"' was not the expected type 'text/xml; charset=utf-8'.
Content-Length: 0
Server: Microsoft-HTTPAPI/2.0
Date: Fri, 26 Jun 2015 01:26:38 GMT
Connection: close

HTTP/1.1 415 Cannot process the message because the content type 'application/soap+xml; charset=utf-8; action="http://o2.jrrpc.com/ICalc/Add"' was not the expected type 'text/xml; charset=utf-8'.
Content-Length: 0
Server: Microsoft-HTTPAPI/2.0
Date: Fri, 26 Jun 2015 01:26:56 GMT
Connection: close

HTTP/1.1 200 OK
Content-Length: 174
Content-Type: text/xml; charset=utf-8
Server: Microsoft-HTTPAPI/2.0
Date: Fri, 26 Jun 2015 01:40:04 GMT
Connection: close

<s:Envelope xmlns:s="http://schemas.xmlsoap.org/soap/envelope/"><s:Body><AddResponse xmlns="http://o2.jrrpc.com/"><AddResult>0</AddResult></AddResponse></s:Body></s:Envelope>HTTP/1.1 200 OK
Content-Length: 174
Content-Type: text/xml; charset=utf-8
Server: Microsoft-HTTPAPI/2.0
Date: Fri, 26 Jun 2015 01:40:20 GMT
Connection: close

<s:Envelope xmlns:s="http://schemas.xmlsoap.org/soap/envelope/"><s:Body><AddResponse xmlns="http://o2.jrrpc.com/"><AddResult>0</AddResult></AddResponse></s:Body></s:Envelope>HTTP/1.1 200 OK
Content-Length: 175
Content-Type: text/xml; charset=utf-8
Server: Microsoft-HTTPAPI/2.0
Date: Fri, 26 Jun 2015 01:40:43 GMT
Connection: close

<s:Envelope xmlns:s="http://schemas.xmlsoap.org/soap/envelope/"><s:Body><AddResponse xmlns="http://o2.jrrpc.com/"><AddResult>33</AddResult></AddResponse></s:Body></s:Envelope>HTTP/1.1 200 OK
Content-Length: 175
Content-Type: text/xml; charset=utf-8
Server: Microsoft-HTTPAPI/2.0
Date: Fri, 26 Jun 2015 01:42:02 GMT
Connection: close

<s:Envelope xmlns:s="http://schemas.xmlsoap.org/soap/envelope/"><s:Body><AddResponse xmlns="http://o2.jrrpc.com/"><AddResult>33</AddResult></AddResponse></s:Body></s:Envelope>HTTP/1.1 200 OK
Content-Length: 175
Content-Type: text/xml; charset=utf-8
Server: Microsoft-HTTPAPI/2.0
Date: Fri, 26 Jun 2015 01:42:28 GMT
Connection: close

<s:Envelope xmlns:s="http://schemas.xmlsoap.org/soap/envelope/"><s:Body><AddResponse xmlns="http://o2.jrrpc.com/"><AddResult>33</AddResult></AddResponse></s:Body></s:Envelope>HTTP/1.1 200 OK
Content-Length: 175
Content-Type: text/xml; charset=utf-8
Server: Microsoft-HTTPAPI/2.0
Date: Fri, 26 Jun 2015 01:42:42 GMT
Connection: close

<s:Envelope xmlns:s="http://schemas.xmlsoap.org/soap/envelope/"><s:Body><AddResponse xmlns="http://o2.jrrpc.com/"><AddResult>33</AddResult></AddResponse></s:Body></s:Envelope>HTTP/1.1 200 OK
Content-Length: 175
Content-Type: text/xml; charset=utf-8
Server: Microsoft-HTTPAPI/2.0
Date: Fri, 26 Jun 2015 01:43:41 GMT
Connection: close

<s:Envelope xmlns:s="http://schemas.xmlsoap.org/soap/envelope/"><s:Body><AddResponse xmlns="http://o2.jrrpc.com/"><AddResult>33</AddResult></AddResponse></s:Body></s:Envelope>HTTP/1.1 200 OK
Content-Length: 175
Content-Type: text/xml; charset=utf-8
Server: Microsoft-HTTPAPI/2.0
Date: Fri, 26 Jun 2015 01:51:06 GMT
Connection: close

<s:Envelope xmlns:s="http://schemas.xmlsoap.org/soap/envelope/"><s:Body><AddResponse xmlns="http://o2.jrrpc.com/"><AddResult>33</AddResult></AddResponse></s:Body></s:Envelope>HTTP/1.1 200 OK
Content-Length: 175
Content-Type: text/xml; charset=utf-8
Server: Microsoft-HTTPAPI/2.0
Date: Fri, 26 Jun 2015 01:51:15 GMT
Connection: close

<s:Envelope xmlns:s="http://schemas.xmlsoap.org/soap/envelope/"><s:Body><AddResponse xmlns="http://o2.jrrpc.com/"><AddResult>33</AddResult></AddResponse></s:Body></s:Envelope>HTTP/1.1 200 OK
Content-Length: 175
Content-Type: text/xml; charset=utf-8
Server: Microsoft-HTTPAPI/2.0
Date: Fri, 26 Jun 2015 02:04:50 GMT
Connection: close

<s:Envelope xmlns:s="http://schemas.xmlsoap.org/soap/envelope/"><s:Body><AddResponse xmlns="http://o2.jrrpc.com/"><AddResult>33</AddResult></AddResponse></s:Body></s:Envelope>HTTP/1.1 200 OK
Content-Length: 175
Content-Type: text/xml; charset=utf-8
Server: Microsoft-HTTPAPI/2.0
Date: Fri, 26 Jun 2015 02:08:36 GMT
Connection: close

<s:Envelope xmlns:s="http://schemas.xmlsoap.org/soap/envelope/"><s:Body><AddResponse xmlns="http://o2.jrrpc.com/"><AddResult>33</AddResult></AddResponse></s:Body></s:Envelope>HTTP/1.1 200 OK
Content-Length: 175
Content-Type: text/xml; charset=utf-8
Server: Microsoft-HTTPAPI/2.0
Date: Fri, 26 Jun 2015 02:11:26 GMT
Connection: close

<s:Envelope xmlns:s="http://schemas.xmlsoap.org/soap/envelope/"><s:Body><AddResponse xmlns="http://o2.jrrpc.com/"><AddResult>33</AddResult></AddResponse></s:Body></s:Envelope>