h:\t2 15\rpc\unix\gsoap\source\s408_metadata\cppclient\debug\cppclient.pch
h:\t2 15\rpc\unix\gsoap\source\s408_metadata\cppclient\debug\vc120.pdb
h:\t2 15\rpc\unix\gsoap\source\s408_metadata\cppclient\debug\vc120.idb
h:\t2 15\rpc\unix\gsoap\source\s408_metadata\cppclient\debug\stdafx.obj
h:\t2 15\rpc\unix\gsoap\source\s408_metadata\cppclient\debug\cppclient.obj
h:\t2 15\rpc\unix\gsoap\source\s408_metadata\cppclient\debug\soapc.obj
h:\t2 15\rpc\unix\gsoap\source\s408_metadata\cppclient\debug\soapclient.obj
h:\t2 15\rpc\unix\gsoap\source\s408_metadata\cppclient\debug\stdsoap2.obj
h:\t2 15\rpc\unix\gsoap\source\s408_metadata\debug\cppclient.ilk
h:\t2 15\rpc\unix\gsoap\source\s408_metadata\debug\cppclient.exe
h:\t2 15\rpc\unix\gsoap\source\s408_metadata\debug\cppclient.pdb
h:\t2 15\rpc\unix\gsoap\source\s408_metadata\cppclient\debug\cppclient.res
h:\t2 15\rpc\unix\gsoap\source\oe626_gsoap_call_wcf\cppclient\debug\cppclient.obj
h:\t2 15\rpc\unix\gsoap\source\oe626_gsoap_call_wcf\cppclient\debug\soapc.obj
h:\t2 15\rpc\unix\gsoap\source\oe626_gsoap_call_wcf\cppclient\debug\soapclient.obj
h:\t2 15\rpc\unix\gsoap\source\oe626_gsoap_call_wcf\cppclient\debug\stdafx.obj
h:\t2 15\rpc\unix\gsoap\source\oe626_gsoap_call_wcf\cppclient\debug\stdsoap2.obj
h:\t2 15\rpc\unix\gsoap\source\oe626_gsoap_call_wcf\cppclient\debug\cppclient.res
h:\t2 15\rpc\unix\gsoap\source\oe626_gsoap_call_wcf\cppclient\debug\cppclient.pch
h:\t2 15\rpc\unix\gsoap\source\oe626_gsoap_call_wcf\cppclient\debug\vc120.idb
h:\t2 15\rpc\unix\gsoap\source\oe626_gsoap_call_wcf\cppclient\debug\vc120.pdb
h:\t2 15\rpc\unix\gsoap\source\oe626_gsoap_call_wcf\debug\cppclient.pdb
h:\t2 15\rpc\unix\gsoap\source\oe626_gsoap_call_wcf\debug\cppclient.exe
h:\t2 15\rpc\unix\gsoap\source\oe626_gsoap_call_wcf\debug\cppclient.ilk
h:\t2 15\rpc\unix\gsoap\source\oe626_gsoap_call_wcf\cppclient\debug\cppclient.tlog\cl.command.1.tlog
h:\t2 15\rpc\unix\gsoap\source\oe626_gsoap_call_wcf\cppclient\debug\cppclient.tlog\cl.read.1.tlog
h:\t2 15\rpc\unix\gsoap\source\oe626_gsoap_call_wcf\cppclient\debug\cppclient.tlog\cl.write.1.tlog
h:\t2 15\rpc\unix\gsoap\source\oe626_gsoap_call_wcf\cppclient\debug\cppclient.tlog\link.command.1.tlog
h:\t2 15\rpc\unix\gsoap\source\oe626_gsoap_call_wcf\cppclient\debug\cppclient.tlog\link.read.1.tlog
h:\t2 15\rpc\unix\gsoap\source\oe626_gsoap_call_wcf\cppclient\debug\cppclient.tlog\link.write.1.tlog
h:\t2 15\rpc\unix\gsoap\source\oe626_gsoap_call_wcf\cppclient\debug\cppclient.tlog\rc.command.1.tlog
h:\t2 15\rpc\unix\gsoap\source\oe626_gsoap_call_wcf\cppclient\debug\cppclient.tlog\rc.read.1.tlog
h:\t2 15\rpc\unix\gsoap\source\oe626_gsoap_call_wcf\cppclient\debug\cppclient.tlog\rc.write.1.tlog
